This file contains any messages produced by compilers while
running configure, to aid debugging if configure makes a mistake.

It was created by buRden configure 0.1.0, which was
generated by GNU Autoconf 2.69.  Invocation command line was

  $ ./configure 

## --------- ##
## Platform. ##
## --------- ##

hostname = Jaleals-MacBook-Pro.local
uname -m = x86_64
uname -r = 14.3.0
uname -s = Darwin
uname -v = Darwin Kernel Version 14.3.0: Mon Mar 23 11:59:05 PDT 2015; root:xnu-2782.20.48~5/RELEASE_X86_64

/usr/bin/uname -p = i386
/bin/uname -X     = unknown

/bin/arch              = unknown
/usr/bin/arch -k       = unknown
/usr/convex/getsysinfo = unknown
/usr/bin/hostinfo      = Mach kernel version:
	 Darwin Kernel Version 14.3.0: Mon Mar 23 11:59:05 PDT 2015; root:xnu-2782.20.48~5/RELEASE_X86_64
Kernel configured for up to 4 processors.
2 processors are physically available.
4 processors are logically available.
Processor type: i486 (Intel 80486)
Processors active: 0 1 2 3
Primary memory available: 6.00 gigabytes
Default processor set: 247 tasks, 1183 threads, 4 processors
Load average: 3.49, Mach factor: 1.50
/bin/machine           = unknown
/usr/bin/oslevel       = unknown
/bin/universe          = unknown

PATH: /usr/bin
PATH: /bin
PATH: /usr/sbin
PATH: /sbin
PATH: /usr/local/bin
PATH: /opt/X11/bin
PATH: /usr/texbin


## ----------- ##
## Core tests. ##
## ----------- ##

configure:2107: checking for gcc
configure:2134: result: clang
configure:2363: checking for C compiler version
configure:2372: clang --version >&5
Apple LLVM version 5.1 (clang-503.0.40) (based on LLVM 3.4svn)
Target: x86_64-apple-darwin14.3.0
Thread model: posix
configure:2383: $? = 0
configure:2372: clang -v >&5
Apple LLVM version 5.1 (clang-503.0.40) (based on LLVM 3.4svn)
Target: x86_64-apple-darwin14.3.0
Thread model: posix
configure:2383: $? = 0
configure:2372: clang -V >&5
clang: error: argument to '-V' is missing (expected 1 value)
clang: error: no input files
configure:2383: $? = 1
configure:2372: clang -qversion >&5
clang: error: unknown argument: '-qversion' [-Wunused-command-line-argument-hard-error-in-future]
clang: note: this will be a hard error (cannot be downgraded to a warning) in the future
clang: error: no input files
configure:2383: $? = 1
configure:2403: checking whether the C compiler works
configure:2425: clang -Wall -mtune=core2 -g -O2 -I/usr/local/include -I/usr/local/include/freetype2 -I/opt/X11/include   conftest.c  >&5
configure:2429: $? = 0
configure:2477: result: yes
configure:2480: checking for C compiler default output file name
configure:2482: result: a.out
configure:2488: checking for suffix of executables
configure:2495: clang -o conftest -Wall -mtune=core2 -g -O2 -I/usr/local/include -I/usr/local/include/freetype2 -I/opt/X11/include   conftest.c  >&5
configure:2499: $? = 0
configure:2521: result: 
configure:2543: checking whether we are cross compiling
configure:2551: clang -o conftest -Wall -mtune=core2 -g -O2 -I/usr/local/include -I/usr/local/include/freetype2 -I/opt/X11/include   conftest.c  >&5
configure:2555: $? = 0
configure:2562: ./conftest
configure:2566: $? = 0
configure:2581: result: no
configure:2586: checking for suffix of object files
configure:2608: clang -c -Wall -mtune=core2 -g -O2 -I/usr/local/include -I/usr/local/include/freetype2 -I/opt/X11/include  conftest.c >&5
configure:2612: $? = 0
configure:2633: result: o
configure:2637: checking whether we are using the GNU C compiler
configure:2656: clang -c -Wall -mtune=core2 -g -O2 -I/usr/local/include -I/usr/local/include/freetype2 -I/opt/X11/include  conftest.c >&5
configure:2656: $? = 0
configure:2665: result: yes
configure:2674: checking whether clang accepts -g
configure:2694: clang -c -g -I/usr/local/include -I/usr/local/include/freetype2 -I/opt/X11/include  conftest.c >&5
configure:2694: $? = 0
configure:2735: result: yes
configure:2752: checking for clang option to accept ISO C89
configure:2815: clang  -c -Wall -mtune=core2 -g -O2 -I/usr/local/include -I/usr/local/include/freetype2 -I/opt/X11/include  conftest.c >&5
configure:2815: $? = 0
configure:2828: result: none needed
configure:2853: checking how to run the C preprocessor
configure:2923: result: clang -E
configure:2943: clang -E -I/usr/local/include -I/usr/local/include/freetype2 -I/opt/X11/include  conftest.c
configure:2943: $? = 0
configure:2957: clang -E -I/usr/local/include -I/usr/local/include/freetype2 -I/opt/X11/include  conftest.c
conftest.c:9:10: fatal error: 'ac_nonexistent.h' file not found
#include <ac_nonexistent.h>
         ^
1 error generated.
configure:2957: $? = 1
configure: failed program was:
| /* confdefs.h */
| #define PACKAGE_NAME "buRden"
| #define PACKAGE_TARNAME "burden"
| #define PACKAGE_VERSION "0.1.0"
| #define PACKAGE_STRING "buRden 0.1.0"
| #define PACKAGE_BUGREPORT ""
| #define PACKAGE_URL ""
| /* end confdefs.h.  */
| #include <ac_nonexistent.h>
configure:3043: checking for g++
configure:3059: found /usr/bin/g++
configure:3070: result: g++
configure:3097: checking for C++ compiler version
configure:3106: g++ --version >&5
Apple LLVM version 5.1 (clang-503.0.40) (based on LLVM 3.4svn)
Target: x86_64-apple-darwin14.3.0
Thread model: posix
Configured with: --prefix=/Applications/Xcode.app/Contents/Developer/usr --with-gxx-include-dir=/Applications/Xcode.app/Contents/Developer/Platforms/MacOSX.platform/Developer/SDKs/MacOSX10.9.sdk/usr/include/c++/4.2.1
configure:3117: $? = 0
configure:3106: g++ -v >&5
Configured with: --prefix=/Applications/Xcode.app/Contents/Developer/usr --with-gxx-include-dir=/Applications/Xcode.app/Contents/Developer/Platforms/MacOSX.platform/Developer/SDKs/MacOSX10.9.sdk/usr/include/c++/4.2.1
Apple LLVM version 5.1 (clang-503.0.40) (based on LLVM 3.4svn)
Target: x86_64-apple-darwin14.3.0
Thread model: posix
configure:3117: $? = 0
configure:3106: g++ -V >&5
clang: error: argument to '-V' is missing (expected 1 value)
clang: error: no input files
configure:3117: $? = 1
configure:3106: g++ -qversion >&5
clang: error: unknown argument: '-qversion' [-Wunused-command-line-argument-hard-error-in-future]
clang: note: this will be a hard error (cannot be downgraded to a warning) in the future
clang: error: no input files
configure:3117: $? = 1
configure:3121: checking whether we are using the GNU C++ compiler
configure:3140: g++ -c  -I/usr/local/include -I/usr/local/include/freetype2 -I/opt/X11/include  conftest.cpp >&5
configure:3140: $? = 0
configure:3149: result: yes
configure:3158: checking whether g++ accepts -g
configure:3178: g++ -c -g -I/usr/local/include -I/usr/local/include/freetype2 -I/opt/X11/include  conftest.cpp >&5
configure:3178: $? = 0
configure:3219: result: yes
configure:3255: checking how to run the C++ preprocessor
configure:3282: g++ -E -I/usr/local/include -I/usr/local/include/freetype2 -I/opt/X11/include  conftest.cpp
configure:3282: $? = 0
configure:3296: g++ -E -I/usr/local/include -I/usr/local/include/freetype2 -I/opt/X11/include  conftest.cpp
conftest.cpp:9:10: fatal error: 'ac_nonexistent.h' file not found
#include <ac_nonexistent.h>
         ^
1 error generated.
configure:3296: $? = 1
configure: failed program was:
| /* confdefs.h */
| #define PACKAGE_NAME "buRden"
| #define PACKAGE_TARNAME "burden"
| #define PACKAGE_VERSION "0.1.0"
| #define PACKAGE_STRING "buRden 0.1.0"
| #define PACKAGE_BUGREPORT ""
| #define PACKAGE_URL ""
| /* end confdefs.h.  */
| #include <ac_nonexistent.h>
configure:3321: result: g++ -E
configure:3341: g++ -E -I/usr/local/include -I/usr/local/include/freetype2 -I/opt/X11/include  conftest.cpp
configure:3341: $? = 0
configure:3355: g++ -E -I/usr/local/include -I/usr/local/include/freetype2 -I/opt/X11/include  conftest.cpp
conftest.cpp:9:10: fatal error: 'ac_nonexistent.h' file not found
#include <ac_nonexistent.h>
         ^
1 error generated.
configure:3355: $? = 1
configure: failed program was:
| /* confdefs.h */
| #define PACKAGE_NAME "buRden"
| #define PACKAGE_TARNAME "burden"
| #define PACKAGE_VERSION "0.1.0"
| #define PACKAGE_STRING "buRden 0.1.0"
| #define PACKAGE_BUGREPORT ""
| #define PACKAGE_URL ""
| /* end confdefs.h.  */
| #include <ac_nonexistent.h>
configure:3384: checking for grep that handles long lines and -e
configure:3442: result: /usr/bin/grep
configure:3447: checking for egrep
configure:3509: result: /usr/bin/grep -E
configure:3514: checking for ANSI C header files
configure:3534: g++ -c -g -O2 -I/usr/local/include -I/usr/local/include/freetype2 -I/opt/X11/include  conftest.cpp >&5
configure:3534: $? = 0
configure:3607: g++ -o conftest -g -O2 -I/usr/local/include -I/usr/local/include/freetype2 -I/opt/X11/include   conftest.cpp  >&5
configure:3607: $? = 0
configure:3607: ./conftest
configure:3607: $? = 0
configure:3618: result: yes
configure:3631: checking for sys/types.h
configure:3631: g++ -c -g -O2 -I/usr/local/include -I/usr/local/include/freetype2 -I/opt/X11/include  conftest.cpp >&5
configure:3631: $? = 0
configure:3631: result: yes
configure:3631: checking for sys/stat.h
configure:3631: g++ -c -g -O2 -I/usr/local/include -I/usr/local/include/freetype2 -I/opt/X11/include  conftest.cpp >&5
configure:3631: $? = 0
configure:3631: result: yes
configure:3631: checking for stdlib.h
configure:3631: g++ -c -g -O2 -I/usr/local/include -I/usr/local/include/freetype2 -I/opt/X11/include  conftest.cpp >&5
configure:3631: $? = 0
configure:3631: result: yes
configure:3631: checking for string.h
configure:3631: g++ -c -g -O2 -I/usr/local/include -I/usr/local/include/freetype2 -I/opt/X11/include  conftest.cpp >&5
configure:3631: $? = 0
configure:3631: result: yes
configure:3631: checking for memory.h
configure:3631: g++ -c -g -O2 -I/usr/local/include -I/usr/local/include/freetype2 -I/opt/X11/include  conftest.cpp >&5
configure:3631: $? = 0
configure:3631: result: yes
configure:3631: checking for strings.h
configure:3631: g++ -c -g -O2 -I/usr/local/include -I/usr/local/include/freetype2 -I/opt/X11/include  conftest.cpp >&5
configure:3631: $? = 0
configure:3631: result: yes
configure:3631: checking for inttypes.h
configure:3631: g++ -c -g -O2 -I/usr/local/include -I/usr/local/include/freetype2 -I/opt/X11/include  conftest.cpp >&5
configure:3631: $? = 0
configure:3631: result: yes
configure:3631: checking for stdint.h
configure:3631: g++ -c -g -O2 -I/usr/local/include -I/usr/local/include/freetype2 -I/opt/X11/include  conftest.cpp >&5
configure:3631: $? = 0
configure:3631: result: yes
configure:3631: checking for unistd.h
configure:3631: g++ -c -g -O2 -I/usr/local/include -I/usr/local/include/freetype2 -I/opt/X11/include  conftest.cpp >&5
configure:3631: $? = 0
configure:3631: result: yes
configure:3643: checking boost/accumulators/accumulators.hpp usability
configure:3643: g++ -c -g -O2 -I/usr/local/include -I/usr/local/include/freetype2 -I/opt/X11/include  conftest.cpp >&5
configure:3643: $? = 0
configure:3643: result: yes
configure:3643: checking boost/accumulators/accumulators.hpp presence
configure:3643: g++ -E -I/usr/local/include -I/usr/local/include/freetype2 -I/opt/X11/include  conftest.cpp
configure:3643: $? = 0
configure:3643: result: yes
configure:3643: checking for boost/accumulators/accumulators.hpp
configure:3643: result: yes
configure:3651: checking boost/accumulators/statistics/stats.hpp usability
configure:3651: g++ -c -g -O2 -I/usr/local/include -I/usr/local/include/freetype2 -I/opt/X11/include  conftest.cpp >&5
In file included from conftest.cpp:52:
In file included from /usr/local/include/boost/accumulators/statistics/stats.hpp:14:
In file included from /usr/local/include/boost/accumulators/statistics_fwd.hpp:12:
/usr/local/include/boost/mpl/print.hpp:50:19: warning: in-class initialization of non-static data member is a C++11 extension [-Wc++11-extensions]
    const int m_x = 1 / (sizeof(T) - sizeof(T));
                  ^
1 warning generated.
configure:3651: $? = 0
configure:3651: result: yes
configure:3651: checking boost/accumulators/statistics/stats.hpp presence
configure:3651: g++ -E -I/usr/local/include -I/usr/local/include/freetype2 -I/opt/X11/include  conftest.cpp
configure:3651: $? = 0
configure:3651: result: yes
configure:3651: checking for boost/accumulators/statistics/stats.hpp
configure:3651: result: yes
configure:3659: checking boost/accumulators/statistics/tail.hpp usability
configure:3659: g++ -c -g -O2 -I/usr/local/include -I/usr/local/include/freetype2 -I/opt/X11/include  conftest.cpp >&5
In file included from conftest.cpp:52:
In file included from /usr/local/include/boost/accumulators/statistics/tail.hpp:27:
In file included from /usr/local/include/boost/accumulators/statistics_fwd.hpp:12:
/usr/local/include/boost/mpl/print.hpp:50:19: warning: in-class initialization of non-static data member is a C++11 extension [-Wc++11-extensions]
    const int m_x = 1 / (sizeof(T) - sizeof(T));
                  ^
1 warning generated.
configure:3659: $? = 0
configure:3659: result: yes
configure:3659: checking boost/accumulators/statistics/tail.hpp presence
configure:3659: g++ -E -I/usr/local/include -I/usr/local/include/freetype2 -I/opt/X11/include  conftest.cpp
configure:3659: $? = 0
configure:3659: result: yes
configure:3659: checking for boost/accumulators/statistics/tail.hpp
configure:3659: result: yes
configure:3824: creating ./config.status

## ---------------------- ##
## Running config.status. ##
## ---------------------- ##

This file was extended by buRden config.status 0.1.0, which was
generated by GNU Autoconf 2.69.  Invocation command line was

  CONFIG_FILES    = 
  CONFIG_HEADERS  = 
  CONFIG_LINKS    = 
  CONFIG_COMMANDS = 
  $ ./config.status 

on Jaleals-MacBook-Pro.local

config.status:729: creating src/Makevars

## ---------------- ##
## Cache variables. ##
## ---------------- ##

ac_cv_c_compiler_gnu=yes
ac_cv_cxx_compiler_gnu=yes
ac_cv_env_CCC_set=
ac_cv_env_CCC_value=
ac_cv_env_CC_set=
ac_cv_env_CC_value=
ac_cv_env_CFLAGS_set=
ac_cv_env_CFLAGS_value=
ac_cv_env_CPPFLAGS_set=
ac_cv_env_CPPFLAGS_value=
ac_cv_env_CPP_set=
ac_cv_env_CPP_value=
ac_cv_env_CXXCPP_set=
ac_cv_env_CXXCPP_value=
ac_cv_env_CXXFLAGS_set=
ac_cv_env_CXXFLAGS_value=
ac_cv_env_CXX_set=
ac_cv_env_CXX_value=
ac_cv_env_LDFLAGS_set=
ac_cv_env_LDFLAGS_value=
ac_cv_env_LIBS_set=
ac_cv_env_LIBS_value=
ac_cv_env_build_alias_set=
ac_cv_env_build_alias_value=
ac_cv_env_host_alias_set=
ac_cv_env_host_alias_value=
ac_cv_env_target_alias_set=
ac_cv_env_target_alias_value=
ac_cv_header_boost_accumulators_accumulators_hpp=yes
ac_cv_header_boost_accumulators_statistics_stats_hpp=yes
ac_cv_header_boost_accumulators_statistics_tail_hpp=yes
ac_cv_header_inttypes_h=yes
ac_cv_header_memory_h=yes
ac_cv_header_stdc=yes
ac_cv_header_stdint_h=yes
ac_cv_header_stdlib_h=yes
ac_cv_header_string_h=yes
ac_cv_header_strings_h=yes
ac_cv_header_sys_stat_h=yes
ac_cv_header_sys_types_h=yes
ac_cv_header_unistd_h=yes
ac_cv_objext=o
ac_cv_path_EGREP='/usr/bin/grep -E'
ac_cv_path_GREP=/usr/bin/grep
ac_cv_prog_CPP='clang -E'
ac_cv_prog_CXXCPP='g++ -E'
ac_cv_prog_ac_ct_CC=clang
ac_cv_prog_ac_ct_CXX=g++
ac_cv_prog_cc_c89=
ac_cv_prog_cc_g=yes
ac_cv_prog_cxx_g=yes

## ----------------- ##
## Output variables. ##
## ----------------- ##

CC='clang'
CFLAGS='-Wall -mtune=core2 -g -O2'
CPP='clang -E'
CPPFLAGS='-I/usr/local/include -I/usr/local/include/freetype2 -I/opt/X11/include '
CXX='g++'
CXXCPP='g++ -E'
CXXFLAGS='-g -O2'
DEFS='-DPACKAGE_NAME=\"buRden\" -DPACKAGE_TARNAME=\"burden\" -DPACKAGE_VERSION=\"0.1.0\" -DPACKAGE_STRING=\"buRden\ 0.1.0\" -DPACKAGE_BUGREPORT=\"\" -DPACKAGE_URL=\"\" -DSTDC_HEADERS=1 -DHAVE_SYS_TYPES_H=1 -DHAVE_SYS_STAT_H=1 -DHAVE_STDLIB_H=1 -DHAVE_STRING_H=1 -DHAVE_MEMORY_H=1 -DHAVE_STRINGS_H=1 -DHAVE_INTTYPES_H=1 -DHAVE_STDINT_H=1 -DHAVE_UNISTD_H=1'
ECHO_C='\c'
ECHO_N=''
ECHO_T=''
EGREP='/usr/bin/grep -E'
EXEEXT=''
GREP='/usr/bin/grep'
LDFLAGS=''
LIBOBJS=''
LIBS=''
LTLIBOBJS=''
OBJEXT='o'
PACKAGE_BUGREPORT=''
PACKAGE_NAME='buRden'
PACKAGE_STRING='buRden 0.1.0'
PACKAGE_TARNAME='burden'
PACKAGE_URL=''
PACKAGE_VERSION='0.1.0'
PATH_SEPARATOR=':'
SHELL='/bin/sh'
XTRA_CPPFLAGS='-I/usr/local/include -I/usr/local/include/freetype2 -I/opt/X11/include '
XTRA_LDFLAGS=''
ac_ct_CC='clang'
ac_ct_CXX='g++'
bindir='${exec_prefix}/bin'
build_alias=''
datadir='${datarootdir}'
datarootdir='${prefix}/share'
docdir='${datarootdir}/doc/${PACKAGE_TARNAME}'
dvidir='${docdir}'
exec_prefix='${prefix}'
host_alias=''
htmldir='${docdir}'
includedir='${prefix}/include'
infodir='${datarootdir}/info'
libdir='${exec_prefix}/lib'
libexecdir='${exec_prefix}/libexec'
localedir='${datarootdir}/locale'
localstatedir='${prefix}/var'
mandir='${datarootdir}/man'
oldincludedir='/usr/include'
pdfdir='${docdir}'
prefix='/usr/local'
program_transform_name='s,x,x,'
psdir='${docdir}'
sbindir='${exec_prefix}/sbin'
sharedstatedir='${prefix}/com'
sysconfdir='${prefix}/etc'
target_alias=''

## ----------- ##
## confdefs.h. ##
## ----------- ##

/* confdefs.h */
#define PACKAGE_NAME "buRden"
#define PACKAGE_TARNAME "burden"
#define PACKAGE_VERSION "0.1.0"
#define PACKAGE_STRING "buRden 0.1.0"
#define PACKAGE_BUGREPORT ""
#define PACKAGE_URL ""
#define STDC_HEADERS 1
#define HAVE_SYS_TYPES_H 1
#define HAVE_SYS_STAT_H 1
#define HAVE_STDLIB_H 1
#define HAVE_STRING_H 1
#define HAVE_MEMORY_H 1
#define HAVE_STRINGS_H 1
#define HAVE_INTTYPES_H 1
#define HAVE_STDINT_H 1
#define HAVE_UNISTD_H 1

configure: exit 0
